<?xml version="1.0" encoding="UTF-8"?>
<testsuite xmlns:xsi="http://www.w3.org/2001/XMLSchema-instance" xsi:noNamespaceSchemaLocation="https://maven.apache.org/surefire/maven-surefire-plugin/xsd/surefire-test-report-3.0.xsd" version="3.0" name="TestSuite" time="10.47" tests="1" errors="0" skipped="0" failures="0">
  <properties>
[...]
</properties>
  <testcase name="runScenario[&quot;Common stesp scenarios&quot;, &quot;This feature file to setup for common steps&quot;](1)" classname="com.osa.runner.Runner" time="5.588">
    <system-out><![CDATA[
@Tests
Scenario: Common stesp scenarios                                               &amp#27;[90m# src/test/java/com/osa/features/Common.feature:4&amp#27;[0m
  &amp#27;[32mGiven &amp#27;[0m&amp#27;[32mI have completeted the authentication&amp#27;[0m                                  &amp#27;[90m# com.osa.steps.Common.i_have_completeted_the_authentication()&amp#27;[0m
{
    "studentId": "64a9d3d1f0dc7c9c00db86c7",
    "firstName": "shamima",
    "lastName": "Yesmin",
    "dob": "o8-23-1989",
    "contractInfo": {
        "email": "shamima88yesmin@gmail.com",
        "phone": "88884545454"
    },
    "aggrement": {
        "agree": true,
        "message": "I agree all the rules and condition from OSA Consulting Tech Corp"
    }
}
io.restassured.path.json.JsonPath@136ccbfe
  &amp#27;[32mWhen &amp#27;[0m&amp#27;[32mI send a &amp#27;[0m&amp#27;[32m&amp#27;[1m"GET"&amp#27;[0m&amp#27;[32m request to &amp#27;[0m&amp#27;[32m&amp#27;[1m"/students/64a9d3d1f0dc7c9c00db86c7"&amp#27;[0m&amp#27;[32m endpoint&amp#27;[0m &amp#27;[90m# com.osa.steps.Common.i_send_a_request_to_endpoint(java.lang.String,java.lang.String)&amp#27;[0m
  &amp#27;[32mThen &amp#27;[0m&amp#27;[32mI verify the response value for following fields&amp#27;[0m                        &amp#27;[90m# com.osa.steps.Common.i_verify_the_response_value_for_following_fields()&amp#27;[0m
]]></system-out>
    <system-err><![CDATA[Jul 19, 2023 4:00:32 PM io.cucumber.testng.TestNGCucumberRunner <init>
WARNING: By default Cucumber is running in --non-strict mode.
This default will change to --strict and --non-strict will be removed.
You can use --strict or @CucumberOptions(strict = true) to suppress this warning
]]></system-err>
  </testcase>
</testsuite>