<?xml version="1.0" encoding="UTF-8"?>
<testng-results ignored="0" total="1" passed="1" failed="0" skipped="0">
  <reporter-output>
  </reporter-output>
  <suite started-at="2023-07-19T16:00:31 EDT" name="Suite" finished-at="2023-07-19T16:00:40 EDT" duration-ms="9008">
    <groups>
      <group name="cucumber">
        <method signature="AbstractTestNGCucumberTests.runScenario(io.cucumber.testng.PickleWrapper, io.cucumber.testng.FeatureWrapper)[pri:0, instance:com.osa.runner.Runner@306cf3ea]" name="runScenario" class="io.cucumber.testng.AbstractTestNGCucumberTests"/>
      </group> <!-- cucumber -->
    </groups>
    <test started-at="2023-07-19T16:00:31 EDT" name="Test" finished-at="2023-07-19T16:00:40 EDT" duration-ms="9008">
      <class name="com.osa.runner.Runner">
        <test-method is-config="true" signature="setUpClass()[pri:0, instance:com.osa.runner.Runner@306cf3ea]" started-at="2023-07-19T16:00:31 EDT" name="setUpClass" finished-at="2023-07-19T16:00:32 EDT" duration-ms="798" status="PASS">
          <reporter-output>
          </reporter-output>
        </test-method> <!-- setUpClass -->
        <test-method signature="runScenario(io.cucumber.testng.PickleWrapper, io.cucumber.testng.FeatureWrapper)[pri:0, instance:com.osa.runner.Runner@306cf3ea]" started-at="2023-07-19T16:00:32 EDT" name="runScenario" description="Runs Cucumber Scenarios" data-provider="scenarios" finished-at="2023-07-19T16:00:38 EDT" duration-ms="5403" status="PASS">
          <params>
            <param index="0">
              <value>
                <![CDATA["Common stesp scenarios"]]>
              </value>
            </param>
            <param index="1">
              <value>
                <![CDATA["This feature file to setup for common steps"]]>
              </value>
            </param>
          </params>
          <reporter-output>
          </reporter-output>
        </test-method> <!-- runScenario -->
        <test-method is-config="true" signature="tearDownClass()[pri:0, instance:com.osa.runner.Runner@306cf3ea]" started-at="2023-07-19T16:00:38 EDT" name="tearDownClass" finished-at="2023-07-19T16:00:40 EDT" duration-ms="2678" status="PASS">
          <reporter-output>
          </reporter-output>
        </test-method> <!-- tearDownClass -->
      </class> <!-- com.osa.runner.Runner -->
    </test> <!-- Test -->
  </suite> <!-- Suite -->
</testng-results>
